<?xml version="1.0" encoding="UTF-8"?>
<testsuite xmlns:xsi="http://www.w3.org/2001/XMLSchema-instance" xsi:noNamespaceSchemaLocation="https://maven.apache.org/surefire/maven-surefire-plugin/xsd/surefire-test-report.xsd" name="com.onlineanswer.hc.answer.AnswerApplicationTests" time="20.238" tests="1" errors="0" skipped="0" failures="0">
  <properties>
    <property name="sun.desktop" value="windows"/>
    <property name="awt.toolkit" value="sun.awt.windows.WToolkit"/>
    <property name="file.encoding.pkg" value="sun.io"/>
    <property name="java.specification.version" value="1.8"/>
    <property name="sun.cpu.isalist" value="amd64"/>
    <property name="sun.jnu.encoding" value="GBK"/>
    <property name="java.class.path" value="E:\ideProject\OnLineAnswer\answer\target\test-classes;E:\ideProject\OnLineAnswer\answer\target\classes;F:\Maven\MavenRepository\maven_jar\org\springframework\boot\spring-boot-starter-thymeleaf\2.1.1.RELEASE\spring-boot-starter-thymeleaf-2.1.1.RELEASE.jar;F:\Maven\MavenRepository\maven_jar\org\springframework\boot\spring-boot-starter\2.1.1.RELEASE\spring-boot-starter-2.1.1.RELEASE.jar;F:\Maven\MavenRepository\maven_jar\org\springframework\boot\spring-boot\2.1.1.RELEASE\spring-boot-2.1.1.RELEASE.jar;F:\Maven\MavenRepository\maven_jar\org\springframework\boot\spring-boot-starter-logging\2.1.1.RELEASE\spring-boot-starter-logging-2.1.1.RELEASE.jar;F:\Maven\MavenRepository\maven_jar\ch\qos\logback\logback-classic\1.2.3\logback-classic-1.2.3.jar;F:\Maven\MavenRepository\maven_jar\ch\qos\logback\logback-core\1.2.3\logback-core-1.2.3.jar;F:\Maven\MavenRepository\maven_jar\org\apache\logging\log4j\log4j-to-slf4j\2.11.1\log4j-to-slf4j-2.11.1.jar;F:\Maven\MavenRepository\maven_jar\org\apache\logging\log4j\log4j-api\2.11.1\log4j-api-2.11.1.jar;F:\Maven\MavenRepository\maven_jar\org\slf4j\jul-to-slf4j\1.7.25\jul-to-slf4j-1.7.25.jar;F:\Maven\MavenRepository\maven_jar\javax\annotation\javax.annotation-api\1.3.2\javax.annotation-api-1.3.2.jar;F:\Maven\MavenRepository\maven_jar\org\yaml\snakeyaml\1.23\snakeyaml-1.23.jar;F:\Maven\MavenRepository\maven_jar\org\thymeleaf\thymeleaf-spring5\3.0.11.RELEASE\thymeleaf-spring5-3.0.11.RELEASE.jar;F:\Maven\MavenRepository\maven_jar\org\thymeleaf\thymeleaf\3.0.11.RELEASE\thymeleaf-3.0.11.RELEASE.jar;F:\Maven\MavenRepository\maven_jar\org\attoparser\attoparser\2.0.5.RELEASE\attoparser-2.0.5.RELEASE.jar;F:\Maven\MavenRepository\maven_jar\org\unbescape\unbescape\1.1.6.RELEASE\unbescape-1.1.6.RELEASE.jar;F:\Maven\MavenRepository\maven_jar\org\slf4j\slf4j-api\1.7.25\slf4j-api-1.7.25.jar;F:\Maven\MavenRepository\maven_jar\org\thymeleaf\extras\thymeleaf-extras-java8time\3.0.2.RELEASE\thymeleaf-extras-java8time-3.0.2.RELEASE.jar;F:\Maven\MavenRepository\maven_jar\org\springframework\boot\spring-boot-starter-web\2.1.1.RELEASE\spring-boot-starter-web-2.1.1.RELEASE.jar;F:\Maven\MavenRepository\maven_jar\org\springframework\boot\spring-boot-starter-json\2.1.1.RELEASE\spring-boot-starter-json-2.1.1.RELEASE.jar;F:\Maven\MavenRepository\maven_jar\com\fasterxml\jackson\core\jackson-databind\2.9.7\jackson-databind-2.9.7.jar;F:\Maven\MavenRepository\maven_jar\com\fasterxml\jackson\core\jackson-annotations\2.9.0\jackson-annotations-2.9.0.jar;F:\Maven\MavenRepository\maven_jar\com\fasterxml\jackson\core\jackson-core\2.9.7\jackson-core-2.9.7.jar;F:\Maven\MavenRepository\maven_jar\com\fasterxml\jackson\datatype\jackson-datatype-jdk8\2.9.7\jackson-datatype-jdk8-2.9.7.jar;F:\Maven\MavenRepository\maven_jar\com\fasterxml\jackson\datatype\jackson-datatype-jsr310\2.9.7\jackson-datatype-jsr310-2.9.7.jar;F:\Maven\MavenRepository\maven_jar\com\fasterxml\jackson\module\jackson-module-parameter-names\2.9.7\jackson-module-parameter-names-2.9.7.jar;F:\Maven\MavenRepository\maven_jar\org\springframework\boot\spring-boot-starter-tomcat\2.1.1.RELEASE\spring-boot-starter-tomcat-2.1.1.RELEASE.jar;F:\Maven\MavenRepository\maven_jar\org\apache\tomcat\embed\tomcat-embed-websocket\9.0.13\tomcat-embed-websocket-9.0.13.jar;F:\Maven\MavenRepository\maven_jar\org\hibernate\validator\hibernate-validator\6.0.13.Final\hibernate-validator-6.0.13.Final.jar;F:\Maven\MavenRepository\maven_jar\javax\validation\validation-api\2.0.1.Final\validation-api-2.0.1.Final.jar;F:\Maven\MavenRepository\maven_jar\org\jboss\logging\jboss-logging\3.3.2.Final\jboss-logging-3.3.2.Final.jar;F:\Maven\MavenRepository\maven_jar\com\fasterxml\classmate\1.4.0\classmate-1.4.0.jar;F:\Maven\MavenRepository\maven_jar\org\springframework\spring-web\5.1.3.RELEASE\spring-web-5.1.3.RELEASE.jar;F:\Maven\MavenRepository\maven_jar\org\springframework\spring-webmvc\5.1.3.RELEASE\spring-webmvc-5.1.3.RELEASE.jar;F:\Maven\MavenRepository\maven_jar\org\mybatis\spring\boot\mybatis-spring-boot-starter\1.3.2\mybatis-spring-boot-starter-1.3.2.jar;F:\Maven\MavenRepository\maven_jar\org\springframework\boot\spring-boot-starter-jdbc\2.1.1.RELEASE\spring-boot-starter-jdbc-2.1.1.RELEASE.jar;F:\Maven\MavenRepository\maven_jar\com\zaxxer\HikariCP\3.2.0\HikariCP-3.2.0.jar;F:\Maven\MavenRepository\maven_jar\org\springframework\spring-jdbc\5.1.3.RELEASE\spring-jdbc-5.1.3.RELEASE.jar;F:\Maven\MavenRepository\maven_jar\org\springframework\spring-tx\5.1.3.RELEASE\spring-tx-5.1.3.RELEASE.jar;F:\Maven\MavenRepository\maven_jar\org\mybatis\spring\boot\mybatis-spring-boot-autoconfigure\1.3.2\mybatis-spring-boot-autoconfigure-1.3.2.jar;F:\Maven\MavenRepository\maven_jar\org\mybatis\mybatis\3.4.6\mybatis-3.4.6.jar;F:\Maven\MavenRepository\maven_jar\org\mybatis\mybatis-spring\1.3.2\mybatis-spring-1.3.2.jar;F:\Maven\MavenRepository\maven_jar\org\springframework\boot\spring-boot-starter-test\2.1.1.RELEASE\spring-boot-starter-test-2.1.1.RELEASE.jar;F:\Maven\MavenRepository\maven_jar\org\springframework\boot\spring-boot-test\2.1.1.RELEASE\spring-boot-test-2.1.1.RELEASE.jar;F:\Maven\MavenRepository\maven_jar\org\springframework\boot\spring-boot-test-autoconfigure\2.1.1.RELEASE\spring-boot-test-autoconfigure-2.1.1.RELEASE.jar;F:\Maven\MavenRepository\maven_jar\com\jayway\jsonpath\json-path\2.4.0\json-path-2.4.0.jar;F:\Maven\MavenRepository\maven_jar\net\minidev\json-smart\2.3\json-smart-2.3.jar;F:\Maven\MavenRepository\maven_jar\net\minidev\accessors-smart\1.2\accessors-smart-1.2.jar;F:\Maven\MavenRepository\maven_jar\org\ow2\asm\asm\5.0.4\asm-5.0.4.jar;F:\Maven\MavenRepository\maven_jar\junit\junit\4.12\junit-4.12.jar;F:\Maven\MavenRepository\maven_jar\org\assertj\assertj-core\3.11.1\assertj-core-3.11.1.jar;F:\Maven\MavenRepository\maven_jar\org\mockito\mockito-core\2.23.4\mockito-core-2.23.4.jar;F:\Maven\MavenRepository\maven_jar\net\bytebuddy\byte-buddy\1.9.5\byte-buddy-1.9.5.jar;F:\Maven\MavenRepository\maven_jar\net\bytebuddy\byte-buddy-agent\1.9.5\byte-buddy-agent-1.9.5.jar;F:\Maven\MavenRepository\maven_jar\org\objenesis\objenesis\2.6\objenesis-2.6.jar;F:\Maven\MavenRepository\maven_jar\org\hamcrest\hamcrest-core\1.3\hamcrest-core-1.3.jar;F:\Maven\MavenRepository\maven_jar\org\hamcrest\hamcrest-library\1.3\hamcrest-library-1.3.jar;F:\Maven\MavenRepository\maven_jar\org\skyscreamer\jsonassert\1.5.0\jsonassert-1.5.0.jar;F:\Maven\MavenRepository\maven_jar\com\vaadin\external\google\android-json\0.0.20131108.vaadin1\android-json-0.0.20131108.vaadin1.jar;F:\Maven\MavenRepository\maven_jar\org\springframework\spring-core\5.1.3.RELEASE\spring-core-5.1.3.RELEASE.jar;F:\Maven\MavenRepository\maven_jar\org\springframework\spring-jcl\5.1.3.RELEASE\spring-jcl-5.1.3.RELEASE.jar;F:\Maven\MavenRepository\maven_jar\org\springframework\spring-test\5.1.3.RELEASE\spring-test-5.1.3.RELEASE.jar;F:\Maven\MavenRepository\maven_jar\org\xmlunit\xmlunit-core\2.6.2\xmlunit-core-2.6.2.jar;F:\Maven\MavenRepository\maven_jar\org\projectlombok\lombok\1.18.4\lombok-1.18.4.jar;F:\Maven\MavenRepository\maven_jar\com\baomidou\mybatis-plus\2.1.9\mybatis-plus-2.1.9.jar;F:\Maven\MavenRepository\maven_jar\com\baomidou\mybatis-plus-support\2.1.9\mybatis-plus-support-2.1.9.jar;F:\Maven\MavenRepository\maven_jar\org\springframework\spring-context-support\5.1.3.RELEASE\spring-context-support-5.1.3.RELEASE.jar;F:\Maven\MavenRepository\maven_jar\com\baomidou\mybatis-plus-core\2.1.9\mybatis-plus-core-2.1.9.jar;F:\Maven\MavenRepository\maven_jar\com\github\jsqlparser\jsqlparser\1.1\jsqlparser-1.1.jar;F:\Maven\MavenRepository\maven_jar\com\baomidou\mybatis-plus-generate\2.1.9\mybatis-plus-generate-2.1.9.jar;F:\Maven\MavenRepository\maven_jar\org\apache\velocity\velocity-engine-core\2.0\velocity-engine-core-2.0.jar;F:\Maven\MavenRepository\maven_jar\org\apache\commons\commons-lang3\3.8.1\commons-lang3-3.8.1.jar;F:\Maven\MavenRepository\maven_jar\org\freemarker\freemarker\2.3.28\freemarker-2.3.28.jar;F:\Maven\MavenRepository\maven_jar\com\baomidou\mybatisplus-spring-boot-starter\1.0.5\mybatisplus-spring-boot-starter-1.0.5.jar;F:\Maven\MavenRepository\maven_jar\org\springframework\boot\spring-boot-autoconfigure\2.1.1.RELEASE\spring-boot-autoconfigure-2.1.1.RELEASE.jar;F:\Maven\MavenRepository\maven_jar\org\springframework\boot\spring-boot-configuration-processor\2.1.1.RELEASE\spring-boot-configuration-processor-2.1.1.RELEASE.jar;F:\Maven\MavenRepository\maven_jar\mysql\mysql-connector-java\5.1.29\mysql-connector-java-5.1.29.jar;F:\Maven\MavenRepository\maven_jar\com\alibaba\druid\1.1.6\druid-1.1.6.jar;F:\Maven\MavenRepository\maven_jar\commons-lang\commons-lang\2.6\commons-lang-2.6.jar;F:\Maven\MavenRepository\maven_jar\commons-io\commons-io\2.5\commons-io-2.5.jar;F:\Maven\MavenRepository\maven_jar\commons-configuration\commons-configuration\1.10\commons-configuration-1.10.jar;F:\Maven\MavenRepository\maven_jar\commons-logging\commons-logging\1.1.1\commons-logging-1.1.1.jar;F:\Maven\MavenRepository\maven_jar\joda-time\joda-time\2.1\joda-time-2.1.jar;F:\Maven\MavenRepository\maven_jar\org\springframework\security\spring-security-core\5.0.6.RELEASE\spring-security-core-5.0.6.RELEASE.jar;F:\Maven\MavenRepository\maven_jar\org\springframework\spring-aop\5.1.3.RELEASE\spring-aop-5.1.3.RELEASE.jar;F:\Maven\MavenRepository\maven_jar\org\springframework\spring-beans\5.1.3.RELEASE\spring-beans-5.1.3.RELEASE.jar;F:\Maven\MavenRepository\maven_jar\org\springframework\spring-context\5.1.3.RELEASE\spring-context-5.1.3.RELEASE.jar;F:\Maven\MavenRepository\maven_jar\org\springframework\spring-expression\5.1.3.RELEASE\spring-expression-5.1.3.RELEASE.jar;F:\Maven\MavenRepository\maven_jar\javax\servlet\jstl\1.2\jstl-1.2.jar;F:\Maven\MavenRepository\maven_jar\org\apache\tomcat\embed\tomcat-embed-jasper\9.0.13\tomcat-embed-jasper-9.0.13.jar;F:\Maven\MavenRepository\maven_jar\org\apache\tomcat\embed\tomcat-embed-core\9.0.13\tomcat-embed-core-9.0.13.jar;F:\Maven\MavenRepository\maven_jar\org\apache\tomcat\tomcat-annotations-api\9.0.13\tomcat-annotations-api-9.0.13.jar;F:\Maven\MavenRepository\maven_jar\org\apache\tomcat\embed\tomcat-embed-el\9.0.13\tomcat-embed-el-9.0.13.jar;F:\Maven\MavenRepository\maven_jar\org\eclipse\jdt\ecj\3.13.102\ecj-3.13.102.jar;F:\Maven\MavenRepository\maven_jar\org\apache\poi\poi\3.17\poi-3.17.jar;F:\Maven\MavenRepository\maven_jar\commons-codec\commons-codec\1.11\commons-codec-1.11.jar;F:\Maven\MavenRepository\maven_jar\org\apache\commons\commons-collections4\4.1\commons-collections4-4.1.jar;F:\Maven\MavenRepository\maven_jar\org\apache\poi\poi-ooxml\3.17\poi-ooxml-3.17.jar;F:\Maven\MavenRepository\maven_jar\org\apache\poi\poi-ooxml-schemas\3.17\poi-ooxml-schemas-3.17.jar;F:\Maven\MavenRepository\maven_jar\org\apache\xmlbeans\xmlbeans\2.6.0\xmlbeans-2.6.0.jar;F:\Maven\MavenRepository\maven_jar\stax\stax-api\1.0.1\stax-api-1.0.1.jar;F:\Maven\MavenRepository\maven_jar\com\github\virtuald\curvesapi\1.04\curvesapi-1.04.jar;F:\Maven\MavenRepository\maven_jar\com\alibaba\fastjson\1.2.28\fastjson-1.2.28.jar;F:\Maven\MavenRepository\maven_jar\commons-fileupload\commons-fileupload\1.2.1\commons-fileupload-1.2.1.jar;"/>
    <property name="java.vm.vendor" value="Oracle Corporation"/>
    <property name="sun.arch.data.model" value="64"/>
    <property name="user.variant" value=""/>
    <property name="java.vendor.url" value="http://java.oracle.com/"/>
    <property name="user.timezone" value="Asia/Shanghai"/>
    <property name="java.vm.specification.version" value="1.8"/>
    <property name="os.name" value="Windows 10"/>
    <property name="user.country" value="CN"/>
    <property name="sun.java.launcher" value="SUN_STANDARD"/>
    <property name="sun.boot.library.path" value="C:\Program Files\Java\jdk1.8.0_131\jre\bin"/>
    <property name="sun.java.command" value="C:\Users\ADMINI~1\AppData\Local\Temp\surefire8482979202620920784\surefirebooter803539951283029322.jar C:\Users\Administrator\AppData\Local\Temp\surefire8482979202620920784 2019-02-14T15-02-24_948-jvmRun1 surefire786623158008089472tmp surefire_02072724646517941160tmp"/>
    <property name="surefire.test.class.path" value="E:\ideProject\OnLineAnswer\answer\target\test-classes;E:\ideProject\OnLineAnswer\answer\target\classes;F:\Maven\MavenRepository\maven_jar\org\springframework\boot\spring-boot-starter-thymeleaf\2.1.1.RELEASE\spring-boot-starter-thymeleaf-2.1.1.RELEASE.jar;F:\Maven\MavenRepository\maven_jar\org\springframework\boot\spring-boot-starter\2.1.1.RELEASE\spring-boot-starter-2.1.1.RELEASE.jar;F:\Maven\MavenRepository\maven_jar\org\springframework\boot\spring-boot\2.1.1.RELEASE\spring-boot-2.1.1.RELEASE.jar;F:\Maven\MavenRepository\maven_jar\org\springframework\boot\spring-boot-starter-logging\2.1.1.RELEASE\spring-boot-starter-logging-2.1.1.RELEASE.jar;F:\Maven\MavenRepository\maven_jar\ch\qos\logback\logback-classic\1.2.3\logback-classic-1.2.3.jar;F:\Maven\MavenRepository\maven_jar\ch\qos\logback\logback-core\1.2.3\logback-core-1.2.3.jar;F:\Maven\MavenRepository\maven_jar\org\apache\logging\log4j\log4j-to-slf4j\2.11.1\log4j-to-slf4j-2.11.1.jar;F:\Maven\MavenRepository\maven_jar\org\apache\logging\log4j\log4j-api\2.11.1\log4j-api-2.11.1.jar;F:\Maven\MavenRepository\maven_jar\org\slf4j\jul-to-slf4j\1.7.25\jul-to-slf4j-1.7.25.jar;F:\Maven\MavenRepository\maven_jar\javax\annotation\javax.annotation-api\1.3.2\javax.annotation-api-1.3.2.jar;F:\Maven\MavenRepository\maven_jar\org\yaml\snakeyaml\1.23\snakeyaml-1.23.jar;F:\Maven\MavenRepository\maven_jar\org\thymeleaf\thymeleaf-spring5\3.0.11.RELEASE\thymeleaf-spring5-3.0.11.RELEASE.jar;F:\Maven\MavenRepository\maven_jar\org\thymeleaf\thymeleaf\3.0.11.RELEASE\thymeleaf-3.0.11.RELEASE.jar;F:\Maven\MavenRepository\maven_jar\org\attoparser\attoparser\2.0.5.RELEASE\attoparser-2.0.5.RELEASE.jar;F:\Maven\MavenRepository\maven_jar\org\unbescape\unbescape\1.1.6.RELEASE\unbescape-1.1.6.RELEASE.jar;F:\Maven\MavenRepository\maven_jar\org\slf4j\slf4j-api\1.7.25\slf4j-api-1.7.25.jar;F:\Maven\MavenRepository\maven_jar\org\thymeleaf\extras\thymeleaf-extras-java8time\3.0.2.RELEASE\thymeleaf-extras-java8time-3.0.2.RELEASE.jar;F:\Maven\MavenRepository\maven_jar\org\springframework\boot\spring-boot-starter-web\2.1.1.RELEASE\spring-boot-starter-web-2.1.1.RELEASE.jar;F:\Maven\MavenRepository\maven_jar\org\springframework\boot\spring-boot-starter-json\2.1.1.RELEASE\spring-boot-starter-json-2.1.1.RELEASE.jar;F:\Maven\MavenRepository\maven_jar\com\fasterxml\jackson\core\jackson-databind\2.9.7\jackson-databind-2.9.7.jar;F:\Maven\MavenRepository\maven_jar\com\fasterxml\jackson\core\jackson-annotations\2.9.0\jackson-annotations-2.9.0.jar;F:\Maven\MavenRepository\maven_jar\com\fasterxml\jackson\core\jackson-core\2.9.7\jackson-core-2.9.7.jar;F:\Maven\MavenRepository\maven_jar\com\fasterxml\jackson\datatype\jackson-datatype-jdk8\2.9.7\jackson-datatype-jdk8-2.9.7.jar;F:\Maven\MavenRepository\maven_jar\com\fasterxml\jackson\datatype\jackson-datatype-jsr310\2.9.7\jackson-datatype-jsr310-2.9.7.jar;F:\Maven\MavenRepository\maven_jar\com\fasterxml\jackson\module\jackson-module-parameter-names\2.9.7\jackson-module-parameter-names-2.9.7.jar;F:\Maven\MavenRepository\maven_jar\org\springframework\boot\spring-boot-starter-tomcat\2.1.1.RELEASE\spring-boot-starter-tomcat-2.1.1.RELEASE.jar;F:\Maven\MavenRepository\maven_jar\org\apache\tomcat\embed\tomcat-embed-websocket\9.0.13\tomcat-embed-websocket-9.0.13.jar;F:\Maven\MavenRepository\maven_jar\org\hibernate\validator\hibernate-validator\6.0.13.Final\hibernate-validator-6.0.13.Final.jar;F:\Maven\MavenRepository\maven_jar\javax\validation\validation-api\2.0.1.Final\validation-api-2.0.1.Final.jar;F:\Maven\MavenRepository\maven_jar\org\jboss\logging\jboss-logging\3.3.2.Final\jboss-logging-3.3.2.Final.jar;F:\Maven\MavenRepository\maven_jar\com\fasterxml\classmate\1.4.0\classmate-1.4.0.jar;F:\Maven\MavenRepository\maven_jar\org\springframework\spring-web\5.1.3.RELEASE\spring-web-5.1.3.RELEASE.jar;F:\Maven\MavenRepository\maven_jar\org\springframework\spring-webmvc\5.1.3.RELEASE\spring-webmvc-5.1.3.RELEASE.jar;F:\Maven\MavenRepository\maven_jar\org\mybatis\spring\boot\mybatis-spring-boot-starter\1.3.2\mybatis-spring-boot-starter-1.3.2.jar;F:\Maven\MavenRepository\maven_jar\org\springframework\boot\spring-boot-starter-jdbc\2.1.1.RELEASE\spring-boot-starter-jdbc-2.1.1.RELEASE.jar;F:\Maven\MavenRepository\maven_jar\com\zaxxer\HikariCP\3.2.0\HikariCP-3.2.0.jar;F:\Maven\MavenRepository\maven_jar\org\springframework\spring-jdbc\5.1.3.RELEASE\spring-jdbc-5.1.3.RELEASE.jar;F:\Maven\MavenRepository\maven_jar\org\springframework\spring-tx\5.1.3.RELEASE\spring-tx-5.1.3.RELEASE.jar;F:\Maven\MavenRepository\maven_jar\org\mybatis\spring\boot\mybatis-spring-boot-autoconfigure\1.3.2\mybatis-spring-boot-autoconfigure-1.3.2.jar;F:\Maven\MavenRepository\maven_jar\org\mybatis\mybatis\3.4.6\mybatis-3.4.6.jar;F:\Maven\MavenRepository\maven_jar\org\mybatis\mybatis-spring\1.3.2\mybatis-spring-1.3.2.jar;F:\Maven\MavenRepository\maven_jar\org\springframework\boot\spring-boot-starter-test\2.1.1.RELEASE\spring-boot-starter-test-2.1.1.RELEASE.jar;F:\Maven\MavenRepository\maven_jar\org\springframework\boot\spring-boot-test\2.1.1.RELEASE\spring-boot-test-2.1.1.RELEASE.jar;F:\Maven\MavenRepository\maven_jar\org\springframework\boot\spring-boot-test-autoconfigure\2.1.1.RELEASE\spring-boot-test-autoconfigure-2.1.1.RELEASE.jar;F:\Maven\MavenRepository\maven_jar\com\jayway\jsonpath\json-path\2.4.0\json-path-2.4.0.jar;F:\Maven\MavenRepository\maven_jar\net\minidev\json-smart\2.3\json-smart-2.3.jar;F:\Maven\MavenRepository\maven_jar\net\minidev\accessors-smart\1.2\accessors-smart-1.2.jar;F:\Maven\MavenRepository\maven_jar\org\ow2\asm\asm\5.0.4\asm-5.0.4.jar;F:\Maven\MavenRepository\maven_jar\junit\junit\4.12\junit-4.12.jar;F:\Maven\MavenRepository\maven_jar\org\assertj\assertj-core\3.11.1\assertj-core-3.11.1.jar;F:\Maven\MavenRepository\maven_jar\org\mockito\mockito-core\2.23.4\mockito-core-2.23.4.jar;F:\Maven\MavenRepository\maven_jar\net\bytebuddy\byte-buddy\1.9.5\byte-buddy-1.9.5.jar;F:\Maven\MavenRepository\maven_jar\net\bytebuddy\byte-buddy-agent\1.9.5\byte-buddy-agent-1.9.5.jar;F:\Maven\MavenRepository\maven_jar\org\objenesis\objenesis\2.6\objenesis-2.6.jar;F:\Maven\MavenRepository\maven_jar\org\hamcrest\hamcrest-core\1.3\hamcrest-core-1.3.jar;F:\Maven\MavenRepository\maven_jar\org\hamcrest\hamcrest-library\1.3\hamcrest-library-1.3.jar;F:\Maven\MavenRepository\maven_jar\org\skyscreamer\jsonassert\1.5.0\jsonassert-1.5.0.jar;F:\Maven\MavenRepository\maven_jar\com\vaadin\external\google\android-json\0.0.20131108.vaadin1\android-json-0.0.20131108.vaadin1.jar;F:\Maven\MavenRepository\maven_jar\org\springframework\spring-core\5.1.3.RELEASE\spring-core-5.1.3.RELEASE.jar;F:\Maven\MavenRepository\maven_jar\org\springframework\spring-jcl\5.1.3.RELEASE\spring-jcl-5.1.3.RELEASE.jar;F:\Maven\MavenRepository\maven_jar\org\springframework\spring-test\5.1.3.RELEASE\spring-test-5.1.3.RELEASE.jar;F:\Maven\MavenRepository\maven_jar\org\xmlunit\xmlunit-core\2.6.2\xmlunit-core-2.6.2.jar;F:\Maven\MavenRepository\maven_jar\org\projectlombok\lombok\1.18.4\lombok-1.18.4.jar;F:\Maven\MavenRepository\maven_jar\com\baomidou\mybatis-plus\2.1.9\mybatis-plus-2.1.9.jar;F:\Maven\MavenRepository\maven_jar\com\baomidou\mybatis-plus-support\2.1.9\mybatis-plus-support-2.1.9.jar;F:\Maven\MavenRepository\maven_jar\org\springframework\spring-context-support\5.1.3.RELEASE\spring-context-support-5.1.3.RELEASE.jar;F:\Maven\MavenRepository\maven_jar\com\baomidou\mybatis-plus-core\2.1.9\mybatis-plus-core-2.1.9.jar;F:\Maven\MavenRepository\maven_jar\com\github\jsqlparser\jsqlparser\1.1\jsqlparser-1.1.jar;F:\Maven\MavenRepository\maven_jar\com\baomidou\mybatis-plus-generate\2.1.9\mybatis-plus-generate-2.1.9.jar;F:\Maven\MavenRepository\maven_jar\org\apache\velocity\velocity-engine-core\2.0\velocity-engine-core-2.0.jar;F:\Maven\MavenRepository\maven_jar\org\apache\commons\commons-lang3\3.8.1\commons-lang3-3.8.1.jar;F:\Maven\MavenRepository\maven_jar\org\freemarker\freemarker\2.3.28\freemarker-2.3.28.jar;F:\Maven\MavenRepository\maven_jar\com\baomidou\mybatisplus-spring-boot-starter\1.0.5\mybatisplus-spring-boot-starter-1.0.5.jar;F:\Maven\MavenRepository\maven_jar\org\springframework\boot\spring-boot-autoconfigure\2.1.1.RELEASE\spring-boot-autoconfigure-2.1.1.RELEASE.jar;F:\Maven\MavenRepository\maven_jar\org\springframework\boot\spring-boot-configuration-processor\2.1.1.RELEASE\spring-boot-configuration-processor-2.1.1.RELEASE.jar;F:\Maven\MavenRepository\maven_jar\mysql\mysql-connector-java\5.1.29\mysql-connector-java-5.1.29.jar;F:\Maven\MavenRepository\maven_jar\com\alibaba\druid\1.1.6\druid-1.1.6.jar;F:\Maven\MavenRepository\maven_jar\commons-lang\commons-lang\2.6\commons-lang-2.6.jar;F:\Maven\MavenRepository\maven_jar\commons-io\commons-io\2.5\commons-io-2.5.jar;F:\Maven\MavenRepository\maven_jar\commons-configuration\commons-configuration\1.10\commons-configuration-1.10.jar;F:\Maven\MavenRepository\maven_jar\commons-logging\commons-logging\1.1.1\commons-logging-1.1.1.jar;F:\Maven\MavenRepository\maven_jar\joda-time\joda-time\2.1\joda-time-2.1.jar;F:\Maven\MavenRepository\maven_jar\org\springframework\security\spring-security-core\5.0.6.RELEASE\spring-security-core-5.0.6.RELEASE.jar;F:\Maven\MavenRepository\maven_jar\org\springframework\spring-aop\5.1.3.RELEASE\spring-aop-5.1.3.RELEASE.jar;F:\Maven\MavenRepository\maven_jar\org\springframework\spring-beans\5.1.3.RELEASE\spring-beans-5.1.3.RELEASE.jar;F:\Maven\MavenRepository\maven_jar\org\springframework\spring-context\5.1.3.RELEASE\spring-context-5.1.3.RELEASE.jar;F:\Maven\MavenRepository\maven_jar\org\springframework\spring-expression\5.1.3.RELEASE\spring-expression-5.1.3.RELEASE.jar;F:\Maven\MavenRepository\maven_jar\javax\servlet\jstl\1.2\jstl-1.2.jar;F:\Maven\MavenRepository\maven_jar\org\apache\tomcat\embed\tomcat-embed-jasper\9.0.13\tomcat-embed-jasper-9.0.13.jar;F:\Maven\MavenRepository\maven_jar\org\apache\tomcat\embed\tomcat-embed-core\9.0.13\tomcat-embed-core-9.0.13.jar;F:\Maven\MavenRepository\maven_jar\org\apache\tomcat\tomcat-annotations-api\9.0.13\tomcat-annotations-api-9.0.13.jar;F:\Maven\MavenRepository\maven_jar\org\apache\tomcat\embed\tomcat-embed-el\9.0.13\tomcat-embed-el-9.0.13.jar;F:\Maven\MavenRepository\maven_jar\org\eclipse\jdt\ecj\3.13.102\ecj-3.13.102.jar;F:\Maven\MavenRepository\maven_jar\org\apache\poi\poi\3.17\poi-3.17.jar;F:\Maven\MavenRepository\maven_jar\commons-codec\commons-codec\1.11\commons-codec-1.11.jar;F:\Maven\MavenRepository\maven_jar\org\apache\commons\commons-collections4\4.1\commons-collections4-4.1.jar;F:\Maven\MavenRepository\maven_jar\org\apache\poi\poi-ooxml\3.17\poi-ooxml-3.17.jar;F:\Maven\MavenRepository\maven_jar\org\apache\poi\poi-ooxml-schemas\3.17\poi-ooxml-schemas-3.17.jar;F:\Maven\MavenRepository\maven_jar\org\apache\xmlbeans\xmlbeans\2.6.0\xmlbeans-2.6.0.jar;F:\Maven\MavenRepository\maven_jar\stax\stax-api\1.0.1\stax-api-1.0.1.jar;F:\Maven\MavenRepository\maven_jar\com\github\virtuald\curvesapi\1.04\curvesapi-1.04.jar;F:\Maven\MavenRepository\maven_jar\com\alibaba\fastjson\1.2.28\fastjson-1.2.28.jar;F:\Maven\MavenRepository\maven_jar\commons-fileupload\commons-fileupload\1.2.1\commons-fileupload-1.2.1.jar;"/>
    <property name="sun.cpu.endian" value="little"/>
    <property name="user.home" value="C:\Users\Administrator"/>
    <property name="user.language" value="zh"/>
    <property name="java.specification.vendor" value="Oracle Corporation"/>
    <property name="java.home" value="C:\Program Files\Java\jdk1.8.0_131\jre"/>
    <property name="basedir" value="E:\ideProject\OnLineAnswer\answer"/>
    <property name="file.separator" value="\"/>
    <property name="line.separator" value="&#10;"/>
    <property name="java.vm.specification.vendor" value="Oracle Corporation"/>
    <property name="java.specification.name" value="Java Platform API Specification"/>
    <property name="java.awt.graphicsenv" value="sun.awt.Win32GraphicsEnvironment"/>
    <property name="surefire.real.class.path" value="C:\Users\ADMINI~1\AppData\Local\Temp\surefire8482979202620920784\surefirebooter803539951283029322.jar"/>
    <property name="sun.boot.class.path" value="C:\Program Files\Java\jdk1.8.0_131\jre\lib\resources.jar;C:\Program Files\Java\jdk1.8.0_131\jre\lib\rt.jar;C:\Program Files\Java\jdk1.8.0_131\jre\lib\sunrsasign.jar;C:\Program Files\Java\jdk1.8.0_131\jre\lib\jsse.jar;C:\Program Files\Java\jdk1.8.0_131\jre\lib\jce.jar;C:\Program Files\Java\jdk1.8.0_131\jre\lib\charsets.jar;C:\Program Files\Java\jdk1.8.0_131\jre\lib\jfr.jar;C:\Program Files\Java\jdk1.8.0_131\jre\classes"/>
    <property name="user.script" value=""/>
    <property name="sun.management.compiler" value="HotSpot 64-Bit Tiered Compilers"/>
    <property name="java.runtime.version" value="1.8.0_131-b11"/>
    <property name="user.name" value="Administrator"/>
    <property name="path.separator" value=";"/>
    <property name="os.version" value="10.0"/>
    <property name="java.endorsed.dirs" value="C:\Program Files\Java\jdk1.8.0_131\jre\lib\endorsed"/>
    <property name="java.runtime.name" value="Java(TM) SE Runtime Environment"/>
    <property name="file.encoding" value="GBK"/>
    <property name="java.vm.name" value="Java HotSpot(TM) 64-Bit Server VM"/>
    <property name="localRepository" value="F:\Maven\MavenRepository\maven_jar"/>
    <property name="java.vendor.url.bug" value="http://bugreport.sun.com/bugreport/"/>
    <property name="java.io.tmpdir" value="C:\Users\ADMINI~1\AppData\Local\Temp\"/>
    <property name="idea.version" value="2018.2.6"/>
    <property name="java.version" value="1.8.0_131"/>
    <property name="user.dir" value="E:\ideProject\OnLineAnswer\answer"/>
    <property name="os.arch" value="amd64"/>
    <property name="java.vm.specification.name" value="Java Virtual Machine Specification"/>
    <property name="java.awt.printerjob" value="sun.awt.windows.WPrinterJob"/>
    <property name="sun.os.patch.level" value=""/>
    <property name="java.library.path" value="C:\Program Files\Java\jdk1.8.0_131\jre\bin;C:\Windows\Sun\Java\bin;C:\Windows\system32;C:\Windows;&quot;C:\Program Files\Java\jdk1.8.0_131\bin;C:\Program Files\Java\jdk1.8.0_131\jre\bin;&quot;;C:\ProgramData\Oracle\Java\javapath;C:\Windows\system32;C:\Windows;C:\Windows\System32\Wbem;C:\Windows\System32\WindowsPowerShell\v1.0\;C:\Windows\System32\OpenSSH\;D:\Program Files\nodejs\;F:\apache-maven-3.5.3\bin;D:\Program Files\Microsoft VS Code\bin;d:\Program Files\Git\cmd;D:\Program Files\VisualSVN Server\bin;C:\Program Files\TortoiseSVN\bin;C:\Users\Administrator\AppData\Local\Microsoft\WindowsApps;D:\Program Files\Microsoft VS Code\bin;C:\Users\Administrator\AppData\Roaming\npm;C:\Program Files\Bandizip\;d:\Program Files\JetBrains\WebStorm 183.4588.47\bin;;."/>
    <property name="java.vm.info" value="mixed mode"/>
    <property name="java.vendor" value="Oracle Corporation"/>
    <property name="java.vm.version" value="25.131-b11"/>
    <property name="java.ext.dirs" value="C:\Program Files\Java\jdk1.8.0_131\jre\lib\ext;C:\Windows\Sun\Java\lib\ext"/>
    <property name="sun.io.unicode.encoding" value="UnicodeLittle"/>
    <property name="maven.repo.local" value="F:\Maven\MavenRepository\maven_jar"/>
    <property name="java.class.version" value="52.0"/>
  </properties>
  <testcase name="contextLoads" classname="com.onlineanswer.hc.answer.AnswerApplicationTests" time="0.703"/>
</testsuite>